<html>
<body>
<pre>
<h1>Build Log</h1>
<h3>
--------------------Configuration: 0512191_DO_AN - Win32 Debug--------------------
</h3>
<h3>Command Lines</h3>
Creating temporary file "C:\DOCUME~1\Khoa\LOCALS~1\Temp\RSPE0.tmp" with contents
[
/nologo /MLd /W3 /Gm /GX /ZI /Od /D "WIN32" /D "_DEBUG" /D "_CONSOLE" /D "_MBCS" /Fp"Debug/0512191_DO_AN.pch" /Yu"stdafx.h" /Fo"Debug/" /Fd"Debug/" /FD /GZ /c 
"E:\Baitap\VC1\0512191_DO_AN\0512191_DO_AN.cpp"
]
Creating command line "cl.exe @C:\DOCUME~1\Khoa\LOCALS~1\Temp\RSPE0.tmp" 
Creating temporary file "C:\DOCUME~1\Khoa\LOCALS~1\Temp\RSPE1.tmp" with contents
[
/nologo /MLd /W3 /Gm /GX /ZI /Od /D "WIN32" /D "_DEBUG" /D "_CONSOLE" /D "_MBCS" /Fp"Debug/0512191_DO_AN.pch" /Yc"stdafx.h" /Fo"Debug/" /Fd"Debug/" /FD /GZ /c 
"E:\Baitap\VC1\0512191_DO_AN\StdAfx.cpp"
]
Creating command line "cl.exe @C:\DOCUME~1\Khoa\LOCALS~1\Temp\RSPE1.tmp" 
Creating temporary file "C:\DOCUME~1\Khoa\LOCALS~1\Temp\RSPE2.tmp" with contents
[
kernel32.lib user32.lib gdi32.lib winspool.lib comdlg32.lib advapi32.lib shell32.lib ole32.lib oleaut32.lib uuid.lib odbc32.lib odbccp32.lib kernel32.lib user32.lib gdi32.lib winspool.lib comdlg32.lib advapi32.lib shell32.lib ole32.lib oleaut32.lib uuid.lib odbc32.lib odbccp32.lib /nologo /subsystem:console /incremental:yes /pdb:"Debug/0512191_DO_AN.pdb" /debug /machine:I386 /out:"Debug/0512191_DO_AN.exe" /pdbtype:sept 
.\Debug\0512191_DO_AN.obj
.\Debug\StdAfx.obj
]
Creating command line "link.exe @C:\DOCUME~1\Khoa\LOCALS~1\Temp\RSPE2.tmp"
<h3>Output Window</h3>
Compiling...
StdAfx.cpp
e:\baitap\vc1\0512191_do_an\stdafx.h(53) : error C2087: '<Unknown>' : missing subscript
e:\baitap\vc1\0512191_do_an\stdafx.cpp(90) : error C2087: '<Unknown>' : missing subscript
e:\baitap\vc1\0512191_do_an\stdafx.cpp(96) : error C2059: syntax error : ')'
e:\baitap\vc1\0512191_do_an\stdafx.cpp(98) : error C2143: syntax error : missing ')' before '}'
e:\baitap\vc1\0512191_do_an\stdafx.cpp(108) : warning C4018: '<' : signed/unsigned mismatch
e:\baitap\vc1\0512191_do_an\stdafx.cpp(247) : warning C4018: '<' : signed/unsigned mismatch
Error executing cl.exe.



<h3>Results</h3>
0512191_DO_AN.exe - 4 error(s), 2 warning(s)
</pre>
</body>
</html>
